2026-04-06 14:03:25 [WARNING] tbank.api: Таймаут tinkoff.public.invest.api.contract.v1.UsersService/GetAccounts (попытка 1/3)
2026-04-06 14:03:30 [WARNING] tbank.api: Таймаут tinkoff.public.invest.api.contract.v1.UsersService/GetAccounts (попытка 1/3)
2026-04-06 14:03:32 [WARNING] tbank.api: Таймаут tinkoff.public.invest.api.contract.v1.UsersService/GetAccounts (попытка 1/3)
2026-04-06 14:03:37 [WARNING] tbank.api: Таймаут tinkoff.public.invest.api.contract.v1.UsersService/GetAccounts (попытка 1/3)
2026-04-06 14:03:47 [WARNING] tbank.api: Таймаут tinkoff.public.invest.api.contract.v1.UsersService/GetAccounts (попытка 2/3)
2026-04-06 14:03:51 [WARNING] tbank.api: Rate limit 429 GetBondCoupons, жду 5 сек...
2026-04-06 14:03:51 [WARNING] tbank.api: Rate limit 429 BondBy, жду 5 сек...
2026-04-06 14:03:51 [WARNING] tbank.api: Rate limit 429 GetBondCoupons, жду 5 сек...
2026-04-06 14:03:51 [WARNING] tbank.api: Rate limit 429 BondBy, жду 5 сек...
2026-04-06 14:03:51 [WARNING] tbank.api: Rate limit 429 BondBy, жду 5 сек...
2026-04-06 14:03:51 [WARNING] tbank.api: Rate limit 429 BondBy, жду 5 сек...
2026-04-06 14:03:52 [WARNING] tbank.api: Таймаут tinkoff.public.invest.api.contract.v1.UsersService/GetAccounts (попытка 2/3)
2026-04-06 14:03:52 [WARNING] tbank.api: Rate limit 429 BondBy, жду 5 сек...
2026-04-06 14:04:00 [WARNING] tbank.api: Таймаут tinkoff.public.invest.api.contract.v1.UsersService/GetAccounts (попытка 1/3)
2026-04-06 14:04:08 [WARNING] tbank.api: Rate limit 429 GetDividends, жду 5 сек...
2026-04-06 14:04:08 [WARNING] tbank.api: Rate limit 429 GetBondCoupons, жду 5 сек...
2026-04-06 14:04:08 [WARNING] tbank.api: Rate limit 429 GetDividends, жду 5 сек...
2026-04-06 14:04:08 [WARNING] tbank.api: Rate limit 429 GetDividends, жду 5 сек...
2026-04-06 14:04:08 [WARNING] tbank.api: Rate limit 429 BondBy, жду 5 сек...
2026-04-06 14:04:08 [WARNING] tbank.api: Rate limit 429 GetDividends, жду 5 сек...
2026-04-06 14:04:13 [WARNING] tbank.api: Rate limit 429 GetDividends, жду 10 сек...
2026-04-06 14:04:13 [WARNING] tbank.api: Rate limit 429 GetBondCoupons, жду 10 сек...
2026-04-06 14:04:13 [WARNING] tbank.api: Rate limit 429 GetDividends, жду 10 сек...
2026-04-06 14:04:13 [WARNING] tbank.api: Rate limit 429 GetDividends, жду 10 сек...
2026-04-06 14:04:13 [WARNING] tbank.api: Rate limit 429 BondBy, жду 10 сек...
2026-04-06 14:04:14 [WARNING] tbank.api: Rate limit 429 BondBy, жду 5 сек...
2026-04-06 14:04:14 [WARNING] tbank.api: Rate limit 429 GetDividends, жду 10 сек...
2026-04-06 14:04:14 [WARNING] tbank.api: Rate limit 429 BondBy, жду 5 сек...
2026-04-06 14:04:15 [WARNING] tbank.api: Rate limit 429 BondBy, жду 5 сек...
2026-04-06 14:04:15 [WARNING] tbank.api: Rate limit 429 BondBy, жду 5 сек...
2026-04-06 14:04:19 [WARNING] tbank.api: Rate limit 429 BondBy, жду 10 сек...
2026-04-06 14:04:20 [WARNING] tbank.api: Rate limit 429 BondBy, жду 10 сек...
2026-04-06 14:04:20 [WARNING] tbank.api: Rate limit 429 BondBy, жду 10 сек...
2026-04-06 14:04:20 [WARNING] tbank.api: Rate limit 429 BondBy, жду 10 сек...
2026-04-06 14:04:20 [WARNING] tbank.api: Таймаут tinkoff.public.invest.api.contract.v1.InstrumentsService/BondBy (попытка 1/3)
2026-04-06 14:04:22 [WARNING] tbank.api: Rate limit 429 BondBy, жду 10 сек...
2026-04-06 14:04:23 [WARNING] tbank.api: Rate limit 429 GetDividends, жду 15 сек...
2026-04-06 14:04:23 [WARNING] tbank.api: Rate limit 429 GetBondCoupons, жду 15 сек...
2026-04-06 14:04:24 [WARNING] tbank.api: Rate limit 429 BondBy, жду 15 сек...
2026-04-06 14:04:24 [WARNING] tbank.api: Rate limit 429 GetDividends, жду 15 сек...
2026-04-06 14:04:24 [WARNING] tbank.api: Rate limit 429 GetDividends, жду 15 сек...
2026-04-06 14:04:24 [WARNING] tbank.api: Rate limit 429 GetDividends, жду 15 сек...
2026-04-06 14:04:28 [WARNING] tbank.api: Таймаут tinkoff.public.invest.api.contract.v1.InstrumentsService/GetDividends (попытка 1/3)
2026-04-06 14:04:29 [WARNING] tbank.api: Таймаут tinkoff.public.invest.api.contract.v1.InstrumentsService/BondBy (попытка 1/3)
2026-04-06 14:04:29 [WARNING] tbank.api: Rate limit 429 BondBy, жду 15 сек...
2026-04-06 14:04:30 [WARNING] tbank.api: Rate limit 429 BondBy, жду 15 сек...
2026-04-06 14:04:30 [WARNING] tbank.api: Rate limit 429 BondBy, жду 15 сек...
2026-04-06 14:04:30 [WARNING] tbank.api: Rate limit 429 BondBy, жду 15 сек...
2026-04-06 14:04:30 [WARNING] tbank.api: Rate limit 429 GetDividends, жду 10 сек...
2026-04-06 14:04:31 [WARNING] tbank.api: Rate limit 429 BondBy, жду 10 сек...
2026-04-06 14:04:33 [WARNING] tbank.api: Rate limit 429 BondBy, жду 15 сек...
2026-04-06 14:04:39 [WARNING] tbank.api: get_bond_by_figi(BBG00JX82779): Не удалось выполнить запрос после 3 попыток: None
2026-04-06 14:04:39 [WARNING] tbank.api: Rate limit 429 GetDividends, жду 5 сек...
2026-04-06 14:04:39 [WARNING] tbank.api: Rate limit 429 BondBy, жду 5 сек...
2026-04-06 14:04:39 [WARNING] tbank.api: Rate limit 429 GetBondCoupons, жду 5 сек...
2026-04-06 14:04:39 [WARNING] tbank.api: Rate limit 429 GetDividends, жду 5 сек...
2026-04-06 14:04:41 [WARNING] tbank.api: Rate limit 429 GetDividends, жду 15 сек...
2026-04-06 14:04:41 [WARNING] tbank.api: Rate limit 429 BondBy, жду 15 сек...
2026-04-06 14:04:44 [WARNING] tbank.api: Rate limit 429 GetDividends, жду 10 сек...
2026-04-06 14:04:44 [WARNING] tbank.api: Rate limit 429 BondBy, жду 10 сек...
2026-04-06 14:04:44 [WARNING] tbank.api: Rate limit 429 GetBondCoupons, жду 10 сек...
2026-04-06 14:04:44 [WARNING] tbank.api: get_bond_by_figi(BBG01MVSHPP3): Не удалось выполнить запрос после 3 попыток: None
2026-04-06 14:04:45 [WARNING] tbank.api: Rate limit 429 GetBondCoupons, жду 5 сек...
2026-04-06 14:04:45 [WARNING] tbank.api: Rate limit 429 GetDividends, жду 10 сек...
2026-04-06 14:04:45 [WARNING] tbank.api: get_bond_by_figi(BBG01MVSHPP3): Не удалось выполнить запрос после 3 попыток: None
2026-04-06 14:04:45 [WARNING] tbank.api: get_bond_by_figi(BBG01MVSHPP3): Не удалось выполнить запрос после 3 попыток: None
2026-04-06 14:04:45 [WARNING] tbank.api: Rate limit 429 GetBondCoupons, жду 5 сек...
2026-04-06 14:04:45 [WARNING] tbank.api: get_bond_by_figi(BBG01MVSHPP3): Не удалось выполнить запрос после 3 попыток: None
2026-04-06 14:04:45 [WARNING] tbank.api: Rate limit 429 GetBondCoupons, жду 5 сек...
2026-04-06 14:04:46 [WARNING] tbank.api: Rate limit 429 GetBondCoupons, жду 5 сек...
2026-04-06 14:04:48 [WARNING] tbank.api: get_bond_by_figi(TCS00A10D533): Не удалось выполнить запрос после 3 попыток: HTTPSConnectionPool(host='invest-public-api.tinkoff.ru', port=443): Read timed out. (read timeout=20)
2026-04-06 14:04:48 [WARNING] tbank.api: Rate limit 429 GetBondCoupons, жду 5 сек...
2026-04-06 14:04:50 [WARNING] tbank.api: Rate limit 429 GetBondCoupons, жду 10 сек...
2026-04-06 14:04:50 [WARNING] tbank.api: Rate limit 429 GetBondCoupons, жду 10 сек...
2026-04-06 14:04:50 [WARNING] tbank.api: Rate limit 429 GetBondCoupons, жду 10 сек...
2026-04-06 14:04:51 [WARNING] tbank.api: Rate limit 429 GetBondCoupons, жду 10 сек...
2026-04-06 14:04:53 [WARNING] tbank.api: Rate limit 429 GetBondCoupons, жду 10 сек...
2026-04-06 14:04:54 [WARNING] tbank.api: Rate limit 429 BondBy, жду 15 сек...
2026-04-06 14:04:54 [WARNING] tbank.api: Rate limit 429 GetBondCoupons, жду 15 сек...
2026-04-06 14:04:54 [WARNING] tbank.api: Rate limit 429 GetDividends, жду 15 сек...
2026-04-06 14:04:55 [WARNING] tbank.api: Rate limit 429 GetDividends, жду 15 сек...
2026-04-06 14:04:56 [WARNING] tbank.api: get_bond_by_figi(TCS00A1055Y4): Не удалось выполнить запрос после 3 попыток: HTTPSConnectionPool(host='invest-public-api.tinkoff.ru', port=443): Read timed out. (read timeout=20)
2026-04-06 14:05:09 [WARNING] tbank.api: get_bond_by_figi(TCS00A108EH4): Не удалось выполнить запрос после 3 попыток: None
2026-04-06 14:05:14 [WARNING] tbank.api: Rate limit 429 GetBondCoupons, жду 5 сек...
2026-04-06 14:05:14 [WARNING] tbank.api: Rate limit 429 BondBy, жду 5 сек...
2026-04-06 14:05:14 [WARNING] tbank.api: Rate limit 429 GetBondCoupons, жду 5 сек...
2026-04-06 14:05:14 [WARNING] tbank.api: Rate limit 429 BondBy, жду 5 сек...
2026-04-06 14:05:15 [WARNING] tbank.api: Rate limit 429 BondBy, жду 5 сек...
2026-04-06 14:05:15 [WARNING] tbank.api: Rate limit 429 BondBy, жду 5 сек...
2026-04-06 14:05:19 [WARNING] tbank.api: Rate limit 429 GetBondCoupons, жду 10 сек...
2026-04-06 14:05:20 [WARNING] tbank.api: Rate limit 429 BondBy, жду 10 сек...
2026-04-06 14:05:20 [WARNING] tbank.api: Rate limit 429 GetBondCoupons, жду 10 сек...
2026-04-06 14:05:20 [WARNING] tbank.api: Rate limit 429 BondBy, жду 10 сек...
2026-04-06 14:05:20 [WARNING] tbank.api: Rate limit 429 BondBy, жду 10 сек...
2026-04-06 14:05:20 [WARNING] tbank.api: Rate limit 429 BondBy, жду 10 сек...
2026-04-06 14:05:29 [WARNING] tbank.api: Rate limit 429 GetBondCoupons, жду 15 сек...
2026-04-06 14:05:30 [WARNING] tbank.api: Rate limit 429 BondBy, жду 15 сек...
2026-04-06 14:05:30 [WARNING] tbank.api: Rate limit 429 BondBy, жду 15 сек...
2026-04-06 14:05:30 [WARNING] tbank.api: Rate limit 429 BondBy, жду 15 сек...
2026-04-06 14:05:30 [WARNING] tbank.api: Rate limit 429 BondBy, жду 15 сек...
2026-04-06 14:05:30 [WARNING] tbank.api: Rate limit 429 GetBondCoupons, жду 15 сек...
2026-04-06 14:05:45 [WARNING] tbank.api: get_bond_by_figi(TCS00A106R95): Не удалось выполнить запрос после 3 попыток: None
2026-04-06 14:05:45 [WARNING] tbank.api: Rate limit 429 BondBy, жду 5 сек...
2026-04-06 14:05:45 [WARNING] tbank.api: get_bond_by_figi(BBG00WFB0B30): Не удалось выполнить запрос после 3 попыток: None
2026-04-06 14:05:45 [WARNING] tbank.api: get_bond_by_figi(BBG01BJBR2W0): Не удалось выполнить запрос после 3 попыток: None
2026-04-06 14:05:45 [WARNING] tbank.api: get_bond_by_figi(BBG00WFB0B30): Не удалось выполнить запрос после 3 попыток: None
2026-04-06 14:05:45 [WARNING] tbank.api: Rate limit 429 GetBondCoupons, жду 5 сек...
2026-04-06 14:05:45 [WARNING] tbank.api: Rate limit 429 GetBondCoupons, жду 5 сек...
2026-04-06 14:05:45 [WARNING] tbank.api: Rate limit 429 GetBondCoupons, жду 5 сек...
2026-04-06 14:05:45 [WARNING] tbank.api: Rate limit 429 GetBondCoupons, жду 5 сек...
2026-04-06 14:05:46 [WARNING] tbank.api: Rate limit 429 BondBy, жду 5 сек...
2026-04-06 14:05:50 [WARNING] tbank.api: Rate limit 429 BondBy, жду 10 сек...
2026-04-06 14:05:50 [WARNING] tbank.api: Rate limit 429 GetBondCoupons, жду 10 сек...
2026-04-06 14:05:50 [WARNING] tbank.api: Rate limit 429 GetBondCoupons, жду 10 сек...
2026-04-06 14:05:50 [WARNING] tbank.api: Rate limit 429 GetBondCoupons, жду 10 сек...
2026-04-06 14:05:51 [WARNING] tbank.api: Rate limit 429 GetBondCoupons, жду 10 сек...
2026-04-06 14:05:51 [WARNING] tbank.api: Rate limit 429 BondBy, жду 10 сек...
2026-04-06 14:06:58 [INFO] tbank.cache: Загружен кэш (возраст 0.0 ч)
2026-04-06 14:06:58 [INFO] tbank.data: Данные загружены из кэша
